"../../../../../../Yanglixiao/ueproj/sorting/Content/actor/cabinet/Material_001.uasset" 0
"../../../../../../Yanglixiao/ueproj/sorting/Content/actor/cabinet/cabinet.uasset" 1
"../../../../../../Yanglixiao/ueproj/sorting/Content/actor/camera/kamera_color.uasset" 2
"../../../../../../Yanglixiao/ueproj/sorting/Content/actor/conveyor/guardRailMat.uasset" 3
"../../../../../../Yanglixiao/ueproj/sorting/Content/actor/conveyor/transferSurfaceMat.uasset" 4
"../../../../../../Yanglixiao/ueproj/sorting/Content/actor/conveyor/conveyorMesh.uasset" 5
"../../../Engine/Content/EditorBlueprintResources/StandardMacros.uasset" 6
"../../../../../../Yanglixiao/ueproj/sorting/Content/actor/conveyor/conveyorMat.uasset" 7
"../../../../../../Yanglixiao/ueproj/sorting/Content/actor/conveyor/flexibleMat.uasset" 8
"../../../../../../Yanglixiao/ueproj/sorting/Content/actor/conveyor/localMat.uasset" 9
"../../../../../../Yanglixiao/ueproj/sorting/Content/actor/conveyor/primaryMat.uasset" 10
"../../../../../../Yanglixiao/ueproj/sorting/Content/actor/conveyor/secondaryMat.uasset" 11
"../../../../../../Yanglixiao/ueproj/sorting/Content/actor/conveyor/conveyorMesh1.uasset" 12
"../../../../../../Yanglixiao/ueproj/sorting/Content/actor/conveyor/conveyor.uasset" 13
"../../../../../../Yanglixiao/ueproj/sorting/Content/actor/conveyor/primary.uasset" 14
"../../../../../../Yanglixiao/ueproj/sorting/Content/actor/conveyor/test.uasset" 15
"../../../Engine/Content/Functions/Engine_MaterialFunctions01/Opacity/CameraDepthFade.uasset" 16
"../../../Engine/Content/EngineMaterials/T_Default_Material_Grid_M.uasset" 17
"../../../Engine/Content/EngineMaterials/T_Default_Material_Grid_N.uasset" 18
"../../../Engine/Content/EngineMaterials/WorldGridMaterial.uasset" 19
"../../../../../../Yanglixiao/ueproj/sorting/Content/actor/layout/layout1.uasset" 20
"../../../../../../Yanglixiao/ueproj/sorting/Content/actor/mars/body.uasset" 21
"../../../../../../Yanglixiao/ueproj/sorting/Content/actor/mars/eye.uasset" 22
"../../../../../../Yanglixiao/ueproj/sorting/Content/actor/mars/frame.uasset" 23
"../../../../../../Yanglixiao/ueproj/sorting/Content/actor/mars/mat2.uasset" 24
"../../../../../../Yanglixiao/ueproj/sorting/Content/actor/mars/tire.uasset" 25
"../../../../../../Yanglixiao/ueproj/sorting/Content/actor/mars/mars_Skeleton.uasset" 26
"../../../../../../Yanglixiao/ueproj/sorting/Content/actor/mars/mars.uasset" 27
"../../../../../../Yanglixiao/ueproj/sorting/Content/actor/mars/marsp.uasset" 28
"../../../../../../Yanglixiao/ueproj/sorting/Content/actor/mat/outLine.uasset" 29
"../../../../../../Yanglixiao/ueproj/sorting/Content/actor/mat/random.uasset" 30
"../../../../../../Yanglixiao/ueproj/sorting/Content/test/bigs.uasset" 31
"../../../../../../Yanglixiao/ueproj/sorting/Content/actor/package/cargo/BoxPackageMesh.uasset" 32
"../../../../../../Yanglixiao/ueproj/sorting/Content/actor/package/cargo/big.uasset" 33
"../../../../../../Yanglixiao/ueproj/sorting/Content/actor/package/package.uasset" 34
"../../../../../../Yanglixiao/ueproj/sorting/Content/test/optionalHuman.uasset" 35
"../../../../../../Yanglixiao/ueproj/sorting/Content/actor/package/cargo/envelopeMesh.uasset" 36
"../../../../../../Yanglixiao/ueproj/sorting/Content/actor/package/cargo/envelope.uasset" 37
"../../../../../../Yanglixiao/ueproj/sorting/Content/test/smalls.uasset" 38
"../../../../../../Yanglixiao/ueproj/sorting/Content/actor/package/cargo/small.uasset" 39
"../../../../../../Yanglixiao/ueproj/sorting/Content/sorting2/cargo/cargo2.uasset" 40
"../../../../../../Yanglixiao/ueproj/sorting/Content/actor/package/cargo/small1.uasset" 41
"../../../../../../Yanglixiao/ueproj/sorting/Content/actor/truck/ARCHMO_1.uasset" 42
"../../../../../../Yanglixiao/ueproj/sorting/Content/actor/truck/BENMATRI.uasset" 43
"../../../../../../Yanglixiao/ueproj/sorting/Content/actor/truck/CARPTGRY.uasset" 44
"../../../../../../Yanglixiao/ueproj/sorting/Content/actor/truck/CLOTH1_1.uasset" 45
"../../../../../../Yanglixiao/ueproj/sorting/Content/actor/truck/cuoio-1.uasset" 46
"../../../../../../Yanglixiao/ueproj/sorting/Content/actor/truck/HV1.uasset" 47
"../../../../../../Yanglixiao/ueproj/sorting/Content/actor/tyre/Chrome_1.uasset" 48
"../../../../../../Yanglixiao/ueproj/sorting/Content/actor/tyre/Chrome_2.uasset" 49
"../../../../../../Yanglixiao/ueproj/sorting/Content/actor/tyre/Chrome_Rim_1.uasset" 50
"../../../../../../Yanglixiao/ueproj/sorting/Content/actor/tyre/Metal__Brake_Caliper.uasset" 51
"../../../../../../Yanglixiao/ueproj/sorting/Content/actor/tyre/brake_disk-2.uasset" 52
"../../../../../../Yanglixiao/ueproj/sorting/Content/actor/tyre/Metal_Brake_disk.uasset" 53
"../../../../../../Yanglixiao/ueproj/sorting/Content/actor/tyre/Rubber_Black.uasset" 54
"../../../../../../Yanglixiao/ueproj/sorting/Content/actor/tyre/Tyre_1.uasset" 55
"../../../../../../Yanglixiao/ueproj/sorting/Content/actor/tyre/Tyre_Normal.uasset" 56
"../../../../../../Yanglixiao/ueproj/sorting/Content/actor/tyre/Tyre_Bump.uasset" 57
"../../../../../../Yanglixiao/ueproj/sorting/Content/actor/tyre/tyre.uasset" 58
"../../../../../../Yanglixiao/ueproj/sorting/Content/actor/tyre/tyreA.uasset" 59
"../../../../../../Yanglixiao/ueproj/sorting/Content/logic/forloopdelay.uasset" 60
"../../../../../../Yanglixiao/ueproj/sorting/Content/sorting2/Spawner.uasset" 61
"../../../../../../Yanglixiao/ueproj/sorting/Content/sorting2/armtoline.uasset" 62
"../../../../../../Yanglixiao/ueproj/sorting/Content/sorting2/detector/cargoDetector.uasset" 63
"../../../../../../Yanglixiao/ueproj/sorting/Content/actor/mars/marsc.uasset" 64
"../../../../../../Yanglixiao/ueproj/sorting/Content/sorting2/detector.uasset" 65
"../../../../../../Yanglixiao/ueproj/sorting/Content/sorting2/producer.uasset" 66
"../../../../../../Yanglixiao/ueproj/sorting/Content/sorting2/unpackDector.uasset" 67
"../../../../../../Yanglixiao/ueproj/sorting/Content/sorting2/cargo/bigMat.uasset" 68
"../../../../../../Yanglixiao/ueproj/sorting/Content/sorting2/cargo/greyMat.uasset" 69
"../../../../../../Yanglixiao/ueproj/sorting/Content/sorting2/cargo/irriMat.uasset" 70
"../../../../../../Yanglixiao/ueproj/sorting/Content/actor/mat/bagMat.uasset" 71
"../../../../../../Yanglixiao/ueproj/sorting/Content/actor/mat/physic/smooth.uasset" 72
"../../../../../../Yanglixiao/ueproj/sorting/Content/actor/package/bag/bagmesh.uasset" 73
"../../../../../../Yanglixiao/ueproj/sorting/Content/sorting2/cargo/soft.uasset" 74
"../../../Engine/Content/BasicShapes/BasicShapeMaterial.uasset" 75
"../../../Engine/Content/BasicShapes/Cube.uasset" 76
"../../../../../../Yanglixiao/ueproj/sorting/Content/test/test.uasset" 77
"../../../Engine/Content/EngineMaterials/DefaultMaterial.uasset" 78
"../../../Engine/Content/EngineMeshes/Cube.uasset" 79
"../../../../../../Yanglixiao/ueproj/sorting/Content/test/tt.uasset" 80
"../../../Engine/Content/ArtTools/RenderToTexture/Meshes/S_1_Unit_Plane.uasset" 81
"../../../Engine/Content/BasicShapes/Cone.uasset" 82
"../../../Engine/Content/BasicShapes/Sphere.uasset" 83
"../../../Engine/Content/EditorLandscapeResources/DataLayer.uasset" 84
"../../../Engine/Content/EditorMaterials/GizmoMaterial.uasset" 85
"../../../Engine/Content/EditorMaterials/MAT_Groups_Toggle.uasset" 86
"../../../Engine/Content/EditorMaterials/MAT_Groups_Visibility.uasset" 87
"../../../Engine/Content/EditorMaterials/PreviewShadowIndicator.uasset" 88
"../../../Engine/Content/EditorMaterials/PreviewShadowIndicatorMaterial.uasset" 89
"../../../Engine/Content/EditorMaterials/MatineeGroups/MAT_ColorTrack.uasset" 90
"../../../Engine/Content/EditorMaterials/MatineeGroups/MAT_Groups_Anim.uasset" 91
"../../../Engine/Content/EditorMaterials/MatineeGroups/MAT_Groups_AudioMaster.uasset" 92
"../../../Engine/Content/EditorMaterials/MatineeGroups/MAT_Groups_Director.uasset" 93
"../../../Engine/Content/EditorMaterials/MatineeGroups/MAT_Groups_Event.uasset" 94
"../../../Engine/Content/EditorMaterials/MatineeGroups/MAT_Groups_Fade.uasset" 95
"../../../Engine/Content/EditorMaterials/MatineeGroups/MAT_Groups_Float.uasset" 96
"../../../Engine/Content/EditorMaterials/MatineeGroups/MAT_Groups_Move.uasset" 97
"../../../Engine/Content/EditorMaterials/MatineeGroups/MAT_Groups_Slomo.uasset" 98
"../../../Engine/Content/EditorMaterials/MatineeGroups/MAT_Groups_Sound.uasset" 99
"../../../Engine/Content/EditorMaterials/MatineeGroups/MAT_Groups_Vector.uasset" 100
"../../../Engine/Content/EditorMaterials/ParticleSystems/PSysThumbnail_NoImage.uasset" 101
"../../../Engine/Content/EditorMaterials/ParticleSystems/PSysThumbnail_OOD.uasset" 102
"../../../Engine/Content/EditorMaterials/Camera/CineMat.uasset" 103
"../../../Engine/Content/EditorMaterials/Camera/MI_CineMat_Rig.uasset" 104
"../../../Engine/Content/EditorMeshes/Camera/SM_CraneRig_Arm.uasset" 105
"../../../Engine/Content/EditorMeshes/Camera/SM_CraneRig_Base.uasset" 106
"../../../Engine/Content/EditorMeshes/Camera/SM_CraneRig_Body.uasset" 107
"../../../Engine/Content/EditorMeshes/Camera/SM_CraneRig_Mount.uasset" 108
"../../../Engine/Content/EditorMeshes/Camera/SM_RailRig_Mount.uasset" 109
"../../../Engine/Content/EditorMeshes/Camera/SM_RailRig_Track.uasset" 110
"../../../Engine/Content/EditorResources/BSPVertex.uasset" 111
"../../../Engine/Content/EditorResources/EmptyActor.uasset" 112
"../../../Engine/Content/EditorResources/S_Actor.uasset" 113
"../../../Engine/Content/EditorResources/S_Trigger.uasset" 114
"../../../Engine/Content/EditorResources/LightIcons/S_LightError.uasset" 115
"../../../Engine/Content/EditorResources/SequenceRecorder/Countdown.uasset" 116
"../../../Engine/Content/EditorResources/SequenceRecorder/RecordingIndicator.uasset" 117
"../../../Engine/Content/EditorSounds/Notifications/CompileFailed.uasset" 118
"../../../Engine/Content/EditorSounds/Notifications/CompileFailed_Cue.uasset" 119
"../../../Engine/Content/EditorSounds/Notifications/CompileSuccess.uasset" 120
"../../../Engine/Content/EditorSounds/Notifications/CompileStart_Cue.uasset" 121
"../../../Engine/Content/EditorSounds/Notifications/CompileSuccess_Cue.uasset" 122
"../../../Engine/Content/EngineDamageTypes/DmgTypeBP_Environmental.uasset" 123
"../../../Engine/Content/EngineDebugMaterials/HeatmapGradient.uasset" 124
"../../../Engine/Content/EngineDebugMaterials/BoneWeightMaterial.uasset" 125
"../../../Engine/Content/EngineDebugMaterials/ClothMaterial.uasset" 126
"../../../Engine/Content/EngineDebugMaterials/ClothMaterial_WF.uasset" 127
"../../../Engine/Content/EngineDebugMaterials/DebugEditorMaterial.uasset" 128
"../../../Engine/Content/EngineDebugMaterials/DebugMeshMaterial.uasset" 129
"../../../Engine/Content/EngineDebugMaterials/GeomMaterial.uasset" 130
"../../../Engine/Content/EngineDebugMaterials/M_SimpleTranslucent.uasset" 131
"../../../Engine/Content/EngineFonts/Faces/RobotoBold.uasset" 132
"../../../Engine/Content/EngineFonts/Faces/RobotoBoldItalic.uasset" 133
"../../../Engine/Content/EngineFonts/Faces/RobotoItalic.uasset" 134
"../../../Engine/Content/EngineFonts/Faces/RobotoLight.uasset" 135
"../../../Engine/Content/EngineFonts/Faces/RobotoRegular.uasset" 136
"../../../Engine/Content/EngineFonts/Roboto.uasset" 137
"../../../Engine/Content/EngineFonts/Faces/RobotoTiny.uasset" 138
"../../../Engine/Content/EngineFonts/RobotoTiny.uasset" 139
"../../../Engine/Content/EngineMaterials/BaseFlattenDiffuseMap.uasset" 140
"../../../Engine/Content/EngineMaterials/BaseFlattenEmissiveMap.uasset" 141
"../../../Engine/Content/EngineMaterials/BaseFlattenGrayscaleMap.uasset" 142
"../../../Engine/Content/EngineMaterials/BaseFlattenNormalMap.uasset" 143
"../../../Engine/Content/EngineMaterials/BaseFlattenMaterial.uasset" 144
"../../../Engine/Content/EngineMaterials/DefaultBloomKernel.uasset" 145
"../../../Engine/Content/EngineMaterials/DefaultBokeh.uasset" 146
"../../../Engine/Content/EngineMaterials/DefaultDiffuse.uasset" 147
"../../../Engine/Content/EngineMaterials/DefaultDeferredDecalMaterial.uasset" 148
"../../../Engine/Content/EngineMaterials/DefaultLightFunctionMaterial.uasset" 149
"../../../Engine/Content/EngineMaterials/DefaultPhysicalMaterial.uasset" 150
"../../../Engine/Content/Functions/Engine_MaterialFunctions02/Utility/BreakOutFloat2Components.uasset" 151
"../../../Engine/Content/EngineMaterials/DefaultPostProcessMaterial.uasset" 152
"../../../Engine/Content/EngineFonts/RobotoDistanceField.uasset" 153
"../../../Engine/Content/EngineMaterials/DefaultTextMaterialOpaque.uasset" 154
"../../../Engine/Content/EngineMaterials/DefaultWhiteGrid.uasset" 155
"../../../Engine/Content/EngineMaterials/EditorBrushMaterial.uasset" 156
"../../../Engine/Content/EngineMaterials/Good64x64TilingNoiseHighFreq.uasset" 157
"../../../Engine/Content/EngineMaterials/MiniFont.uasset" 158
"../../../Engine/Content/EngineMaterials/InvalidLightmapSettings.uasset" 159
"../../../Engine/Content/EngineMaterials/M_InvalidLightmapSettings.uasset" 160
"../../../Engine/Content/Functions/Engine_MaterialFunctions02/WorldPositionOffset/CameraOffset.uasset" 161
"../../../Engine/Content/EngineMaterials/PhAT_JointLimitMaterial.uasset" 162
"../../../Engine/Content/EngineMaterials/PreintegratedSkinBRDF.uasset" 163
"../../../Engine/Content/EngineMaterials/RemoveSurfaceMaterial.uasset" 164
"../../../Engine/Content/EngineMaterials/WeightMapPlaceholderTexture.uasset" 165
"../../../Engine/Content/EngineResources/WhiteSquareTexture.uasset" 166
"../../../Engine/Content/EngineMaterials/Widget3DPassThrough.uasset" 167
"../../../Engine/Content/EngineMaterials/Widget3DPassThrough_Masked.uasset" 168
"../../../Engine/Content/EngineMaterials/Widget3DPassThrough_Opaque.uasset" 169
"../../../Engine/Content/EngineMaterials/Widget3DPassThrough_Masked_OneSided.uasset" 170
"../../../Engine/Content/EngineMaterials/Widget3DPassThrough_Opaque_OneSided.uasset" 171
"../../../Engine/Content/EngineMaterials/Widget3DPassThrough_Translucent.uasset" 172
"../../../Engine/Content/EngineMaterials/Widget3DPassThrough_Translucent_OneSided.uasset" 173
"../../../Engine/Content/EngineMeshes/Cylinder.uasset" 174
"../../../Engine/Content/EngineMeshes/Sphere.uasset" 175
"../../../Engine/Content/EngineResources/Black.uasset" 176
"../../../Engine/Content/EngineResources/DefaultTexture.uasset" 177
"../../../Engine/Content/EngineResources/DefaultTextureCube.uasset" 178
"../../../Engine/Content/EngineResources/DefaultVolumeTexture2D.uasset" 179
"../../../Engine/Content/EngineResources/DefaultVolumeTexture.uasset" 180
"../../../Engine/Content/EngineResources/GradientTexture0.uasset" 181
"../../../Engine/Content/EngineSounds/Master.uasset" 182
"../../../Engine/Content/Functions/Engine_MaterialFunctions01/Shading/ConvertFromDiffSpec.uasset" 183
"../../../Engine/Content/Functions/Engine_MaterialFunctions01/Shading/PowerToRoughness.uasset" 184
"../../../Engine/Content/Maps/Templates/Thumbnails/Default.uasset" 185
"../../../Engine/Content/Maps/Templates/Thumbnails/VR-Basic.uasset" 186
"../../../Engine/Content/MobileResources/T_MobileControls_texture.uasset" 187
"../../../Engine/Content/MobileResources/T_MobileMenu2.uasset" 188
"../../../Engine/Content/MobileResources/HUD/AnalogHat.uasset" 189
"../../../Engine/Content/MobileResources/HUD/VirtualJoystick_Background.uasset" 190
"../../../Engine/Content/MobileResources/HUD/VirtualJoystick_Thumb.uasset" 191
"../../../Engine/Content/MobileResources/HUD/DefaultVirtualJoysticks.uasset" 192
"../../../Engine/Content/MobileResources/HUD/LeftVirtualJoystickOnly.uasset" 193
"../../../Engine/Content/MobileResources/HUD/MobileHUDButton1_off.uasset" 194
"../../../Engine/Content/MobileResources/HUD/MobileHUDButton1_on.uasset" 195
"../../../Engine/Content/MobileResources/HUD/MobileHUDButton2_off.uasset" 196
"../../../Engine/Content/MobileResources/HUD/MobileHUDButton2_on.uasset" 197
"../../../Engine/Content/MobileResources/HUD/MobileHUDButton3.uasset" 198
"../../../Engine/Content/MobileResources/HUD/MobileHUDButtonFire.uasset" 199
"../../../Engine/Content/MobileResources/HUD/MobileHUDDirectionPad.uasset" 200
"../../../Engine/Content/MobileResources/HUD/MobileHUDDirectionPad2.uasset" 201
"../../../Engine/Content/MobileResources/HUD/MobileHUDDirectionPad3.uasset" 202
"../../../Engine/Content/MobileResources/HUD/MobileHUDDirectionStick.uasset" 203
"../../../Engine/Content/MobileResources/HUD/T_Castle_ThumbstickInner.uasset" 204
"../../../Engine/Content/MobileResources/HUD/T_Castle_ThumbstickOutter.uasset" 205
"../../../Engine/Content/Tutorial/ContentIntroCurve.uasset" 206
"../../../Engine/Content/VREditor/LaserPointer/VR_LaserPower_01.uasset" 207
"../../../Engine/Content/VREditor/TransformGizmo/TransformGizmoMaterial.uasset" 208
"../../../Engine/Content/VREditor/TransformGizmo/TranslucentTransformGizmoMaterial.uasset" 209
"../../../Engine/Content/VREditor/TransformGizmo/BoundingBoxCorner.uasset" 210
"../../../Engine/Content/VREditor/TransformGizmo/BoundingBoxEdge.uasset" 211
"../../../Engine/Content/VREditor/TransformGizmo/PlaneTranslationHandle.uasset" 212
"../../../Engine/Content/VREditor/TransformGizmo/Main.uasset" 213
"../../../Engine/Content/VREditor/TransformGizmo/Xray.uasset" 214
"../../../Engine/Content/VREditor/TransformGizmo/SM_Sequencer_Key.uasset" 215
"../../../Engine/Content/VREditor/TransformGizmo/SM_Sequencer_Node.uasset" 216
"../../Plugins/2D/Paper2D/Content/PlaceholderTextures/DummySpriteTexture.uasset" 217
"../../Plugins/2D/Paper2D/Content/DummySprite.uasset" 218
"../../Plugins/2D/Paper2D/Content/DefaultPaperTerrainMaterial.uasset" 219
"../../Plugins/2D/Paper2D/Content/DefaultSpriteMaterial.uasset" 220
"../../Plugins/2D/Paper2D/Content/MaskedUnlitSpriteMaterial.uasset" 221
"../../Plugins/2D/Paper2D/Content/OpaqueUnlitSpriteMaterial.uasset" 222
"../../Plugins/Runtime/Oculus/OculusVR/Content/Materials/PokeAHoleMaterial.uasset" 223
"../../Plugins/Runtime/Oculus/OculusVR/Content/Textures/GearVRController_AO.uasset" 224
"../../Plugins/Runtime/Oculus/OculusVR/Content/Textures/GearVRController_Color.uasset" 225
"../../Plugins/Runtime/Oculus/OculusVR/Content/Textures/GearVRController_Normal.uasset" 226
"../../Plugins/Runtime/Oculus/OculusVR/Content/Materials/GearVRControllerMaterial.uasset" 227
"../../Plugins/Runtime/Oculus/OculusVR/Content/Meshes/GearVrController.uasset" 228
"../../Plugins/Runtime/Oculus/OculusVR/Content/Textures/touchController_albedo.uasset" 229
"../../Plugins/Runtime/Oculus/OculusVR/Content/Textures/touchController_controlmap.uasset" 230
"../../Plugins/Runtime/Oculus/OculusVR/Content/Materials/touchController_mat.uasset" 231
"../../Plugins/Runtime/Oculus/OculusVR/Content/Meshes/LeftTouchController.uasset" 232
"../../Plugins/Runtime/Oculus/OculusVR/Content/Meshes/RiftHMD.uasset" 233
"../../Plugins/Runtime/Oculus/OculusVR/Content/Meshes/RightTouchController.uasset" 234
"../../../../../../Yanglixiao/ueproj/sorting/Content/logic/dataStruct/cargoTypes.uasset" 235
"../../../../../../Yanglixiao/ueproj/sorting/Content/logic/dataStruct/Places.uasset" 236
"../../../../../../Yanglixiao/ueproj/sorting/Content/logic/dataStruct/cargoStructure.uasset" 237
"../../../../../../Yanglixiao/ueproj/sorting/Content/logic/dataStruct/bagStructure.uasset" 238
"../../../../../../Yanglixiao/ueproj/sorting/Content/actor/package/bag/bag.uasset" 239
"../../../../../../Yanglixiao/ueproj/sorting/Content/actor/mat/beijingMat.uasset" 240
"../../../../../../Yanglixiao/ueproj/sorting/Content/actor/mat/otherPlacesMat.uasset" 241
"../../../../../../Yanglixiao/ueproj/sorting/Content/actor/mat/shanghaiMat.uasset" 242
"../../../../../../Yanglixiao/ueproj/sorting/Content/actor/mat/shenzhenMat.uasset" 243
"../../../../../../Yanglixiao/ueproj/sorting/Content/actor/package/cargo/cargo.uasset" 244
"../../../../../../Yanglixiao/ueproj/sorting/Content/actor/spawner/CabinetToLineSpawner.uasset" 245
"../../../../../../Yanglixiao/ueproj/sorting/Content/logic/dataStruct/packageTypes.uasset" 246
"../../../../../../Yanglixiao/ueproj/sorting/Content/logic/count.uasset" 247
"../../../../../../Yanglixiao/ueproj/sorting/Content/ui/ui.uasset" 248
"../../../../../../Yanglixiao/ueproj/sorting/Content/actor/spawner/comingBagSpawner.uasset" 249
"../../../../../../Yanglixiao/ueproj/sorting/Content/logic/control.uasset" 250
"../../../Engine/Content/EngineSky/C_Sky_Cloud_Color.uasset" 251
"../../../Engine/Content/EngineSky/C_Sky_Horizon_Color.uasset" 252
"../../../Engine/Content/EngineSky/C_Sky_Zenith_Color.uasset" 253
"../../../Engine/Content/EngineSky/T_Sky_Blue.uasset" 254
"../../../Engine/Content/EngineSky/T_Sky_Clouds_M.uasset" 255
"../../../Engine/Content/EngineSky/T_Sky_Stars.uasset" 256
"../../../Engine/Content/EngineSky/M_Sky_Panning_Clouds2.uasset" 257
"../../../Engine/Content/EngineSky/SM_SkySphere.uasset" 258
"../../../Engine/Content/EngineSky/BP_Sky_Sphere.uasset" 259
"../../../../../../Yanglixiao/ueproj/sorting/Content/actor/arm/BotArm_Skeleton.uasset" 260
"../../../../../../Yanglixiao/ueproj/sorting/Content/actor/arm/animation/armAnimation_Armature_idle.uasset" 261
"../../../../../../Yanglixiao/ueproj/sorting/Content/actor/arm/animation/armAnimation_Armature_scan.uasset" 262
"../../../../../../Yanglixiao/ueproj/sorting/Content/actor/arm/animation/armAnimation_Armature_TakeToFlexible.uasset" 263
"../../../../../../Yanglixiao/ueproj/sorting/Content/actor/arm/animation/armAnimation_Armature_TakeToLeft.uasset" 264
"../../../../../../Yanglixiao/ueproj/sorting/Content/actor/arm/animation/armAnimation_Armature_TakeToLocal.uasset" 265
"../../../../../../Yanglixiao/ueproj/sorting/Content/actor/arm/animation/armAnimation_Armature_TakeToRight.uasset" 266
"../../../../../../Yanglixiao/ueproj/sorting/Content/actor/arm/animation/armAnimation_Armature_TakeToSecondary.uasset" 267
"../../../../../../Yanglixiao/ueproj/sorting/Content/actor/arm/BotArmAniBP.uasset" 268
"../../../../../../Yanglixiao/ueproj/sorting/Content/actor/spawner/ArmToLineSpawner.uasset" 269
"../../../../../../Yanglixiao/ueproj/sorting/Content/actor/arm/armMat.uasset" 270
"../../../../../../Yanglixiao/ueproj/sorting/Content/actor/arm/BotArm_PhysicsAsset.uasset" 271
"../../../../../../Yanglixiao/ueproj/sorting/Content/actor/arm/BotArm.uasset" 272
"../../../../../../Yanglixiao/ueproj/sorting/Content/actor/arm/BotArmPawn.uasset" 273
"../../../../../../Yanglixiao/ueproj/sorting/Content/actor/detector/BotArmDetector.uasset" 274
"../../../../../../Yanglixiao/ueproj/sorting/Content/actor/floor/floorMat.uasset" 275
"../../../../../../Yanglixiao/ueproj/sorting/Content/actor/floor/floorMesh.uasset" 276
"../../../../../../Yanglixiao/ueproj/sorting/Content/actor/floor/floor.uasset" 277
"../../../../../../Yanglixiao/ueproj/sorting/Content/logic/foreachdelay.uasset" 278
"../../../../../../Yanglixiao/ueproj/sorting/Content/actor/spawner/CachePackageSpawner.uasset" 279
"../../../../../../Yanglixiao/ueproj/sorting/Content/actor/staging/staging.uasset" 280
"../../../../../../Yanglixiao/ueproj/sorting/Content/ui/newHud.uasset" 281
"../../../../../../Yanglixiao/ueproj/sorting/Content/ui/gamemode.uasset" 282
"../../../../../../Yanglixiao/ueproj/sorting/Content/level/NewWorld_BuiltData.uasset" 283
"../../../Engine/Content/MapTemplates/Materials/BasicAsset01.uasset" 284
"../../../Engine/Content/Functions/Engine_MaterialFunctions02/ScreenResolution.uasset" 285
"../../../Engine/Content/Functions/Engine_MaterialFunctions02/Utility/MakeFloat2.uasset" 286
"../../../../../../Yanglixiao/ueproj/sorting/Content/actor/mat/OutLineMat.uasset" 287
"../../../../../../Yanglixiao/ueproj/sorting/Content/actor/mat/transparent.uasset" 288
"../../../../../../Yanglixiao/ueproj/sorting/Content/actor/package/bag/NewMaterial.uasset" 289
"../../../../../../Yanglixiao/ueproj/sorting/Content/actor/temMesh/NewFolder/NewMaterial.uasset" 290
"../../../../../../Yanglixiao/ueproj/sorting/Content/actor/cabinet/carbinet.uasset" 291
"../../../../../../Yanglixiao/ueproj/sorting/Content/actor/cabinet/old/CabinetEdge.uasset" 292
"../../../../../../Yanglixiao/ueproj/sorting/Content/actor/cabinet/old/CabinetOut.uasset" 293
"../../../../../../Yanglixiao/ueproj/sorting/Content/actor/cabinet/old/CarbinetInterior.uasset" 294
"../../../../../../Yanglixiao/ueproj/sorting/Content/actor/cabinet/old/oldCabinet.uasset" 295
"../../../../../../Yanglixiao/ueproj/sorting/Content/actor/human/Material.uasset" 296
"../../../../../../Yanglixiao/ueproj/sorting/Content/actor/human/Male_LOWPOLYGON_PhysicsAsset.uasset" 297
"../../../../../../Yanglixiao/ueproj/sorting/Content/actor/human/Male_LOWPOLYGON_Skeleton.uasset" 298
"../../../../../../Yanglixiao/ueproj/sorting/Content/actor/human/Male_LOWPOLYGON.uasset" 299
"../../../../../../Yanglixiao/ueproj/sorting/Content/actor/layout/converMetal.uasset" 300
"../../../../../../Yanglixiao/ueproj/sorting/Content/actor/layout/converMM.uasset" 301
"../../../../../../Yanglixiao/ueproj/sorting/Content/actor/layout/footboard.uasset" 302
"../../../../../../Yanglixiao/ueproj/sorting/Content/actor/layout/unit.uasset" 303
"../../../../../../Yanglixiao/ueproj/sorting/Content/actor/mat/physic/rough.uasset" 304
"../../../../../../Yanglixiao/ueproj/sorting/Content/actor/temMesh/Box_Confidential_Bump.uasset" 305
"../../../../../../Yanglixiao/ueproj/sorting/Content/actor/temMesh/Box_Confidential_Diffuse.uasset" 306
"../../../../../../Yanglixiao/ueproj/sorting/Content/actor/temMesh/Box_Confidential_Glossiness.uasset" 307
"../../../../../../Yanglixiao/ueproj/sorting/Content/actor/temMesh/Box_Confidential_Specular.uasset" 308
"../../../../../../Yanglixiao/ueproj/sorting/Content/actor/temMesh/Paper_confidential.uasset" 309
"../../../../../../Yanglixiao/ueproj/sorting/Content/actor/temMesh/Box.uasset" 310
"../../../../../../Yanglixiao/ueproj/sorting/Content/actor/temMesh/NewFolder/3d-model.uasset" 311
"../../../../../../Yanglixiao/ueproj/sorting/Content/actor/temMesh/Mat.uasset" 312
"../../../../../../Yanglixiao/ueproj/sorting/Content/actor/temMesh/Mat_1.uasset" 313
"../../../../../../Yanglixiao/ueproj/sorting/Content/actor/temMesh/Mat_2.uasset" 314
"../../../../../../Yanglixiao/ueproj/sorting/Content/actor/temMesh/Steel.uasset" 315
"../../../../../../Yanglixiao/ueproj/sorting/Content/actor/temMesh/pallettruck.uasset" 316
"../../../../../../Yanglixiao/ueproj/sorting/Content/level/NewWorld.umap" 317
"../../../../../../Yanglixiao/ueproj/sorting/Content/sorting2/mesh/camera/borracha.uasset" 318
"../../../../../../Yanglixiao/ueproj/sorting/Content/sorting2/mesh/camera/camera.uasset" 319
"../../../../../../Yanglixiao/ueproj/sorting/Content/sorting2/mesh/camera/lente.uasset" 320
"../../../../../../Yanglixiao/ueproj/sorting/Content/sorting2/mesh/camera/lumens.uasset" 321
"../../../../../../Yanglixiao/ueproj/sorting/Content/sorting2/mesh/camera/metal_cabo.uasset" 322
"../../../../../../Yanglixiao/ueproj/sorting/Content/sorting2/mesh/camera/part_verde.uasset" 323
"../../../../../../Yanglixiao/ueproj/sorting/Content/sorting2/mesh/camera/plastico_branco.uasset" 324
"../../../../../../Yanglixiao/ueproj/sorting/Content/sorting2/mesh/camera/plastico_preto.uasset" 325
"../../../../../../Yanglixiao/ueproj/sorting/Content/sorting2/mesh/camera/platico_part_cam.uasset" 326
"../../../../../../Yanglixiao/ueproj/sorting/Content/sorting2/mesh/camera/vidro.uasset" 327
"../../../../../../Yanglixiao/ueproj/sorting/Content/sorting2/mesh/camera/camera_rigged.uasset" 328
"../../../../../../Yanglixiao/ueproj/sorting/Content/sorting2/actor/camera.uasset" 329
"../../../../../../Yanglixiao/ueproj/sorting/Content/sorting2/actor/mark.uasset" 330
"../../../../../../Yanglixiao/ueproj/sorting/Content/sorting2/actor/customPawn.uasset" 331
"../../../../../../Yanglixiao/ueproj/sorting/Content/sorting2/actor/NewBlueprint.uasset" 332
"../../../../../../Yanglixiao/ueproj/sorting/Content/sorting2/cargo/big.uasset" 333
"../../../Engine/Content/BasicShapes/Plane.uasset" 334
"../../../../../../Yanglixiao/ueproj/sorting/Content/sorting2/cargo/envelop.uasset" 335
"../../../../../../Yanglixiao/ueproj/sorting/Content/sorting2/cargo/irrigular.uasset" 336
"../../../../../../Yanglixiao/ueproj/sorting/Content/sorting2/cargo/polybag.uasset" 337
"../../../../../../Yanglixiao/ueproj/sorting/Content/sorting2/cargo/packageMat.uasset" 338
"../../../../../../Yanglixiao/ueproj/sorting/Content/sorting2/cargo/polybag2.uasset" 339
"../../../../../../Yanglixiao/ueproj/sorting/Content/sorting2/cargo/small.uasset" 340
"../../../../../../Yanglixiao/ueproj/sorting/Content/sorting2/cargo/mesh/softPackage/softPackage.uasset" 341
"../../../../../../Yanglixiao/ueproj/sorting/Content/sorting2/cargo/softPackage.uasset" 342
"../../../../../../Yanglixiao/ueproj/sorting/Content/sorting2/control.uasset" 343
"../../../../../../Yanglixiao/ueproj/sorting/Content/sorting2/linetoMarsc.uasset" 344
"../../../../../../Yanglixiao/ueproj/sorting/Content/sorting2/subsciptor/subscripor.uasset" 345
"../../../../../../Yanglixiao/ueproj/sorting/Content/sorting2/marsDetector.uasset" 346
"../../../../../../Yanglixiao/ueproj/sorting/Content/sorting2/Spawner/randomSpawner.uasset" 347
"../../../../../../Yanglixiao/ueproj/sorting/Content/sorting2/Spawner/spawn2.uasset" 348
"../../../../../../Yanglixiao/ueproj/sorting/Content/sorting2/subsciptor/sortingMarsSubscriptor.uasset" 349
"../../../../../../Yanglixiao/ueproj/sorting/Content/level/sorting_BuiltData.uasset" 350
"../../../../../../Yanglixiao/ueproj/sorting/Content/actor/guard/guard.uasset" 351
"../../../../../../Yanglixiao/ueproj/sorting/Content/sorting2/cargo/body.uasset" 352
"../../../../../../Yanglixiao/ueproj/sorting/Content/sorting2/cargo/brownMat.uasset" 353
"../../../../../../Yanglixiao/ueproj/sorting/Content/sorting2/cargo/whiteMat.uasset" 354
"../../../../../../Yanglixiao/ueproj/sorting/Content/test/floor.uasset" 355
"../../../../../../Yanglixiao/ueproj/sorting/Content/test/irrigularMat.uasset" 356
"../../../../../../Yanglixiao/ueproj/sorting/Content/test/platform.uasset" 357
"../../../../../../Yanglixiao/ueproj/sorting/Content/test/workingHuman.uasset" 358
"../../../../../../Yanglixiao/ueproj/sorting/Content/sorting2/actor/colorMat.uasset" 359
"../../../../../../Yanglixiao/ueproj/sorting/Content/sorting2/actor/blue.uasset" 360
"../../../Engine/Content/BasicShapes/Cylinder.uasset" 361
"../../../../../../Yanglixiao/ueproj/sorting/Content/actor/backet/backet.uasset" 362
"../../../../../../Yanglixiao/ueproj/sorting/Content/actor/truck/Aluminum_polished__1.uasset" 363
"../../../../../../Yanglixiao/ueproj/sorting/Content/actor/truck/Anodized_black.uasset" 364
"../../../../../../Yanglixiao/ueproj/sorting/Content/actor/truck/Anodized_black__2.uasset" 365
"../../../../../../Yanglixiao/ueproj/sorting/Content/actor/truck/beer.uasset" 366
"../../../../../../Yanglixiao/ueproj/sorting/Content/actor/truck/Bombay_Blue_741795.uasset" 367
"../../../../../../Yanglixiao/ueproj/sorting/Content/actor/truck/CAB__1.uasset" 368
"../../../../../../Yanglixiao/ueproj/sorting/Content/actor/truck/CAB__3.uasset" 369
"../../../../../../Yanglixiao/ueproj/sorting/Content/actor/truck/Cast_Iron.uasset" 370
"../../../../../../Yanglixiao/ueproj/sorting/Content/actor/truck/Chrome_bright.uasset" 371
"../../../../../../Yanglixiao/ueproj/sorting/Content/actor/truck/Chrome_bright__2.uasset" 372
"../../../../../../Yanglixiao/ueproj/sorting/Content/actor/truck/Default__10.uasset" 373
"../../../../../../Yanglixiao/ueproj/sorting/Content/actor/truck/Default__11.uasset" 374
"../../../../../../Yanglixiao/ueproj/sorting/Content/actor/truck/Default__12.uasset" 375
"../../../../../../Yanglixiao/ueproj/sorting/Content/actor/truck/Default__3.uasset" 376
"../../../../../../Yanglixiao/ueproj/sorting/Content/actor/truck/Default__4.uasset" 377
"../../../../../../Yanglixiao/ueproj/sorting/Content/actor/truck/Default__5.uasset" 378
"../../../../../../Yanglixiao/ueproj/sorting/Content/actor/truck/Default__7.uasset" 379
"../../../../../../Yanglixiao/ueproj/sorting/Content/actor/truck/Default__8.uasset" 380
"../../../../../../Yanglixiao/ueproj/sorting/Content/actor/truck/Default__9.uasset" 381
"../../../../../../Yanglixiao/ueproj/sorting/Content/actor/truck/Glass_basic_white.uasset" 382
"../../../../../../Yanglixiao/ueproj/sorting/Content/actor/truck/Material__9__0.uasset" 383
"../../../../../../Yanglixiao/ueproj/sorting/Content/actor/truck/Mold-Tech-14153__1.uasset" 384
"../../../../../../Yanglixiao/ueproj/sorting/Content/actor/truck/Paint_-_metallic_blue.uasset" 385
"../../../../../../Yanglixiao/ueproj/sorting/Content/actor/truck/Paint_-_metallic_jet_black.uasset" 386
"../../../../../../Yanglixiao/ueproj/sorting/Content/actor/truck/PL1__0.uasset" 387
"../../../../../../Yanglixiao/ueproj/sorting/Content/actor/truck/Pl2__0.uasset" 388
"../../../../../../Yanglixiao/ueproj/sorting/Content/actor/truck/Targa__0.uasset" 389
"../../../../../../Yanglixiao/ueproj/sorting/Content/actor/truck/Targa__1.uasset" 390
"../../../../../../Yanglixiao/ueproj/sorting/Content/actor/truck/truck.uasset" 391
"../../../../../../Yanglixiao/ueproj/sorting/Content/sorting2/cargo/arrow+pointer.uasset" 392
"../../../../../../Yanglixiao/ueproj/sorting/Content/sorting2/mesh/containerLoading/flat.uasset" 393
"../../../../../../Yanglixiao/ueproj/sorting/Content/sorting2/mesh/containerLoading/support.uasset" 394
"../../../../../../Yanglixiao/ueproj/sorting/Content/sorting2/mesh/containerLoading/containerLoading.uasset" 395
"../../../../../../Yanglixiao/ueproj/sorting/Content/sorting2/mesh/forklift/wire_000000000.uasset" 396
"../../../../../../Yanglixiao/ueproj/sorting/Content/sorting2/mesh/forklift/wire_162162162.uasset" 397
"../../../../../../Yanglixiao/ueproj/sorting/Content/sorting2/mesh/forklift/wire_184228153.uasset" 398
"../../../../../../Yanglixiao/ueproj/sorting/Content/sorting2/mesh/forklift/wire_213154229.uasset" 399
"../../../../../../Yanglixiao/ueproj/sorting/Content/sorting2/mesh/forklift/forklift.uasset" 400
"../../../../../../Yanglixiao/ueproj/sorting/Content/sorting2/mesh/trailerLoading1/trailerLoading.uasset" 401
"../../../../../../Yanglixiao/ueproj/sorting/Content/level/sorting.umap" 402
"../../../Engine/Content/Maps/Entry_BuiltData.uasset" 403
"../../../Engine/Content/Maps/Entry.umap" 404
